2025-11-19 11:09:15, MOVE, v:1, k:poo@lapiseira, mode:PICK
2025-11-19 11:09:16, EXEC, v:1, k:poo@lapiseira, mode:FULL, rate:0, size:6
2025-11-19 11:09:18, MOVE, v:1, k:poo@lapiseira, mode:BACK
2025-11-19 11:11:52, MOVE, v:1, k:poo@lapiseira, mode:PICK
2025-11-19 11:11:54, EXEC, v:1, k:poo@lapiseira, mode:FULL, rate:0, size:17
2025-11-19 11:11:54, MOVE, v:1, k:poo@lapiseira, mode:BACK
2025-11-19 11:11:59, MOVE, v:1, k:poo@lapiseira, mode:PICK
2025-11-19 11:12:00, EXEC, v:1, k:poo@lapiseira, mode:FULL, rate:0
2025-11-19 11:12:00, MOVE, v:1, k:poo@lapiseira, mode:BACK
2025-11-19 11:24:35, MOVE, v:1, k:poo@lapiseira, mode:PICK
2025-11-19 11:24:35, MOVE, v:1, k:poo@lapiseira, mode:BACK
2025-11-19 11:24:36, MOVE, v:1, k:poo@lapiseira, mode:PICK
2025-11-19 11:24:36, EXEC, v:1, k:poo@lapiseira, mode:FULL, rate:0, size:44
2025-11-19 11:24:37, MOVE, v:1, k:poo@lapiseira, mode:BACK
2025-11-19 11:25:04, MOVE, v:1, k:poo@lapiseira, mode:PICK
2025-11-19 11:25:05, EXEC, v:1, k:poo@lapiseira, mode:FULL, rate:0, size:31
2025-11-19 11:25:07, MOVE, v:1, k:poo@lapiseira, mode:BACK
2025-11-19 11:26:14, MOVE, v:1, k:poo@lapiseira, mode:PICK
2025-11-19 11:26:15, EXEC, v:1, k:poo@lapiseira, mode:FULL, rate:0, size:44
2025-11-19 11:26:16, MOVE, v:1, k:poo@lapiseira, mode:BACK
2025-11-19 11:26:24, MOVE, v:1, k:poo@lapiseira, mode:PICK
2025-11-19 11:26:24, EXEC, v:1, k:poo@lapiseira, mode:FULL, rate:0, size:44
2025-11-19 11:26:25, MOVE, v:1, k:poo@lapiseira, mode:BACK
2025-11-19 11:26:28, MOVE, v:1, k:poo@lapiseira, mode:PICK
2025-11-19 11:26:29, EXEC, v:1, k:poo@lapiseira, mode:FULL, rate:0
2025-11-19 11:26:29, MOVE, v:1, k:poo@lapiseira, mode:BACK
2025-11-19 11:26:34, MOVE, v:1, k:poo@lapiseira, mode:PICK
2025-11-19 11:26:35, MOVE, v:1, k:poo@lapiseira, mode:BACK
2025-11-19 11:29:35, MOVE, v:1, k:poo@lapiseira, mode:PICK
2025-11-19 11:29:36, MOVE, v:1, k:poo@lapiseira, mode:BACK
2025-11-19 11:37:01, MOVE, v:1, k:poo@lapiseira, mode:PICK
2025-11-19 11:37:03, EXEC, v:1, k:poo@lapiseira, mode:FULL, rate:0, size:61
2025-11-19 11:37:03, MOVE, v:1, k:poo@lapiseira, mode:BACK
2025-11-19 11:37:11, MOVE, v:1, k:poo@lapiseira, mode:PICK
2025-11-19 11:37:11, EXEC, v:1, k:poo@lapiseira, mode:FULL, rate:0, size:49
2025-11-19 11:37:12, MOVE, v:1, k:poo@lapiseira, mode:BACK
2025-11-19 11:37:18, MOVE, v:1, k:poo@array, mode:PICK
2025-11-19 11:37:19, EXEC, v:1, k:poo@array, mode:LOCK, rate:100
2025-11-19 11:37:20, MOVE, v:1, k:poo@array, mode:BACK
2025-11-19 15:22:31, MOVE, v:1, k:poo@lapiseira, mode:PICK
2025-11-19 15:22:32, EXEC, v:1, k:poo@lapiseira, mode:FULL, rate:0, size:78
2025-11-19 15:22:33, MOVE, v:1, k:poo@lapiseira, mode:BACK
2025-11-19 15:26:46, MOVE, v:1, k:poo@lapiseira, mode:PICK
2025-11-19 15:26:47, MOVE, v:1, k:poo@lapiseira, mode:BACK
2025-11-19 15:26:48, MOVE, v:1, k:poo@lapiseira, mode:PICK
2025-11-19 15:26:48, EXEC, v:1, k:poo@lapiseira, mode:FULL, rate:0, size:79
2025-11-19 15:26:48, MOVE, v:1, k:poo@lapiseira, mode:BACK
2025-11-19 15:28:18, MOVE, v:1, k:poo@lapiseira, mode:PICK
2025-11-19 15:28:19, EXEC, v:1, k:poo@lapiseira, mode:FULL, rate:0, size:88
2025-11-19 15:28:19, MOVE, v:1, k:poo@lapiseira, mode:BACK
2025-11-19 15:29:29, MOVE, v:1, k:poo@lapiseira, mode:PICK
2025-11-19 15:29:29, MOVE, v:1, k:poo@lapiseira, mode:BACK
2025-11-19 15:29:59, MOVE, v:1, k:poo@lapiseira, mode:PICK
2025-11-19 15:29:59, MOVE, v:1, k:poo@lapiseira, mode:BACK
2025-11-19 15:30:00, MOVE, v:1, k:poo@lapiseira, mode:PICK
2025-11-19 15:30:00, EXEC, v:1, k:poo@lapiseira, mode:FULL, rate:0, size:67
2025-11-19 15:30:01, MOVE, v:1, k:poo@lapiseira, mode:BACK
2025-11-19 15:37:11, MOVE, v:1, k:poo@lapiseira, mode:PICK
2025-11-19 15:37:12, EXEC, v:1, k:poo@lapiseira, mode:FULL, rate:0, size:121
2025-11-19 15:37:17, MOVE, v:1, k:poo@lapiseira, mode:BACK
2025-11-19 15:43:03, MOVE, v:1, k:poo@lapiseira, mode:PICK
2025-11-19 15:43:04, EXEC, v:1, k:poo@lapiseira, mode:FULL, rate:7, size:141
2025-11-19 15:43:07, MOVE, v:1, k:poo@lapiseira, mode:BACK
2025-11-19 16:15:41, MOVE, v:1, k:poo@pula-pula, mode:PICK
2025-11-19 16:15:42, MOVE, v:1, k:poo@pula-pula, mode:BACK
2025-11-19 16:15:46, MOVE, v:1, k:poo@lapiseira, mode:PICK
2025-11-19 16:15:46, EXEC, v:1, k:poo@lapiseira, mode:FULL, rate:0, size:141
2025-11-19 16:16:05, EXEC, v:1, k:poo@lapiseira, mode:FULL, rate:7, size:141
2025-11-19 16:16:25, EXEC, v:1, k:poo@lapiseira, mode:FULL, rate:7, size:141
2025-11-19 16:16:40, EXEC, v:1, k:poo@lapiseira, mode:FULL, rate:28, size:141
2025-11-19 16:18:34, EXEC, v:1, k:poo@lapiseira, mode:FULL, rate:0, size:141
2025-11-19 16:18:48, EXEC, v:1, k:poo@lapiseira, mode:FULL, rate:28, size:141
2025-11-19 16:19:37, EXEC, v:1, k:poo@lapiseira, mode:FULL, rate:28, size:140
2025-11-19 16:19:38, EXEC, v:1, k:poo@lapiseira, mode:FULL, rate:28
2025-11-19 16:19:38, MOVE, v:1, k:poo@lapiseira, mode:BACK
2025-11-19 16:19:43, MOVE, v:1, k:poo@lapiseira, mode:PICK
2025-11-19 16:19:44, EXEC, v:1, k:poo@lapiseira, mode:FULL, rate:28
2025-11-19 16:19:44, EXEC, v:1, k:poo@lapiseira, mode:FULL, rate:28
2025-11-19 16:19:45, MOVE, v:1, k:poo@lapiseira, mode:BACK
2025-11-19 16:19:50, MOVE, v:1, k:poo@lapiseira, mode:PICK
2025-11-19 16:19:51, EXEC, v:1, k:poo@lapiseira, mode:FULL, rate:28
2025-11-19 16:19:51, EXEC, v:1, k:poo@lapiseira, mode:FULL, rate:28
2025-11-19 16:19:51, EXEC, v:1, k:poo@lapiseira, mode:FULL, rate:28
2025-11-19 16:19:52, EXEC, v:1, k:poo@lapiseira, mode:FULL, rate:28
2025-11-19 16:19:52, EXEC, v:1, k:poo@lapiseira, mode:FULL, rate:28
2025-11-19 16:19:52, EXEC, v:1, k:poo@lapiseira, mode:FULL, rate:28
2025-11-19 16:19:52, EXEC, v:1, k:poo@lapiseira, mode:FULL, rate:28
2025-11-19 16:19:53, EXEC, v:1, k:poo@lapiseira, mode:FULL, rate:28
2025-11-19 16:19:53, MOVE, v:1, k:poo@lapiseira, mode:BACK
2025-11-19 16:20:02, MOVE, v:1, k:poo@lapiseira, mode:PICK
2025-11-19 16:20:02, EXEC, v:1, k:poo@lapiseira, mode:FULL, rate:28
2025-11-19 16:27:52, EXEC, v:1, k:poo@lapiseira, mode:FULL, rate:57, size:140
2025-11-19 16:28:30, EXEC, v:1, k:poo@lapiseira, mode:FULL, rate:57, size:140
2025-11-19 16:28:47, EXEC, v:1, k:poo@lapiseira, mode:FULL, rate:100, size:140
2025-11-19 16:29:33, EXEC, v:1, k:poo@lapiseira, mode:FULL, rate:0, size:140
2025-11-19 16:29:34, EXEC, v:1, k:poo@lapiseira, mode:FULL, rate:0
2025-11-19 16:29:34, EXEC, v:1, k:poo@lapiseira, mode:FULL, rate:0
2025-11-19 16:29:34, EXEC, v:1, k:poo@lapiseira, mode:FULL, rate:0
2025-11-19 16:29:35, EXEC, v:1, k:poo@lapiseira, mode:FULL, rate:0
2025-11-19 16:29:35, MOVE, v:1, k:poo@lapiseira, mode:BACK
2025-11-19 16:29:53, MOVE, v:1, k:poo@lapiseira, mode:PICK
2025-11-19 16:29:54, EXEC, v:1, k:poo@lapiseira, mode:FULL, rate:100, size:140
2025-11-19 16:30:07, MOVE, v:1, k:poo@lapiseira, mode:BACK
