2025-11-06 13:12:19, MOVE, v:1, k:poo@budega, mode:PICK
2025-11-06 13:12:20, EXEC, v:1, k:poo@budega, mode:FULL, rate:0, size:36
2025-11-06 13:12:26, MOVE, v:1, k:poo@budega, mode:BACK
2025-11-06 13:12:27, MOVE, v:1, k:poo@budega, mode:PICK
2025-11-06 13:12:28, EXEC, v:1, k:poo@budega, mode:FULL, rate:0
2025-11-06 13:12:29, EXEC, v:1, k:poo@budega, mode:FULL, rate:0
2025-11-06 13:12:29, EXEC, v:1, k:poo@budega, mode:FULL, rate:0
2025-11-06 13:12:30, EXEC, v:1, k:poo@budega, mode:FULL, rate:0
2025-11-06 13:12:30, EXEC, v:1, k:poo@budega, mode:FULL, rate:0
2025-11-06 13:12:31, EXEC, v:1, k:poo@budega, mode:FULL, rate:0
2025-11-06 13:12:32, EXEC, v:1, k:poo@budega, mode:FULL, rate:0
2025-11-06 13:12:33, EXEC, v:1, k:poo@budega, mode:FULL, rate:0
2025-11-06 13:12:33, EXEC, v:1, k:poo@budega, mode:FULL, rate:0
2025-11-06 13:12:34, EXEC, v:1, k:poo@budega, mode:FULL, rate:0
2025-11-06 13:12:34, EXEC, v:1, k:poo@budega, mode:FULL, rate:0
2025-11-06 13:12:34, EXEC, v:1, k:poo@budega, mode:FULL, rate:0
2025-11-06 13:12:35, EXEC, v:1, k:poo@budega, mode:FULL, rate:0
2025-11-06 13:12:35, EXEC, v:1, k:poo@budega, mode:FULL, rate:0
2025-11-06 13:12:35, EXEC, v:1, k:poo@budega, mode:FULL, rate:0
2025-11-06 13:12:35, EXEC, v:1, k:poo@budega, mode:FULL, rate:0
2025-11-06 13:12:36, EXEC, v:1, k:poo@budega, mode:FULL, rate:0
2025-11-06 13:12:36, EXEC, v:1, k:poo@budega, mode:FULL, rate:0
2025-11-06 13:12:36, EXEC, v:1, k:poo@budega, mode:FULL, rate:0
2025-11-06 13:12:36, EXEC, v:1, k:poo@budega, mode:FULL, rate:0
2025-11-06 13:12:37, EXEC, v:1, k:poo@budega, mode:FULL, rate:0
2025-11-06 13:12:37, EXEC, v:1, k:poo@budega, mode:FULL, rate:0
2025-11-06 13:12:37, EXEC, v:1, k:poo@budega, mode:FULL, rate:0
2025-11-06 13:12:37, EXEC, v:1, k:poo@budega, mode:FULL, rate:0
2025-11-06 13:12:38, EXEC, v:1, k:poo@budega, mode:FULL, rate:0
2025-11-06 13:12:38, EXEC, v:1, k:poo@budega, mode:FULL, rate:0
2025-11-06 13:12:38, MOVE, v:1, k:poo@budega, mode:BACK
2025-11-06 13:12:40, MOVE, v:1, k:poo@budega, mode:PICK
2025-11-06 13:12:42, EXEC, v:1, k:poo@budega, mode:FREE
2025-11-06 13:12:45, MOVE, v:1, k:poo@budega, mode:BACK
