2025-11-10 21:49:30, MOVE, v:1, k:poo@budega, mode:PICK
2025-11-10 21:49:31, MOVE, v:1, k:poo@budega, mode:BACK
2025-11-10 21:49:32, MOVE, v:1, k:poo@budega, mode:PICK
2025-11-10 21:49:33, EXEC, v:1, k:poo@budega, mode:FREE, size:54
2025-11-10 21:50:01, MOVE, v:1, k:poo@budega, mode:BACK
2025-11-10 21:50:04, MOVE, v:1, k:poo@pula-pula, mode:PICK
2025-11-10 21:50:06, EXEC, v:1, k:poo@pula-pula, mode:FREE, size:74
2025-11-10 21:50:47, EXEC, v:1, k:poo@pula-pula, mode:FULL, rate:0
2025-11-10 21:52:04, MOVE, v:1, k:poo@pula-pula, mode:BACK
2025-11-10 21:52:08, MOVE, v:1, k:poo@pula-pula, mode:PICK
2025-11-10 21:52:09, EXEC, v:1, k:poo@pula-pula, mode:FREE, size:78
2025-11-10 21:52:21, EXEC, v:1, k:poo@pula-pula, mode:FULL, rate:0
2025-11-10 21:52:40, EXEC, v:1, k:poo@pula-pula, mode:FULL, rate:0, size:78
2025-11-10 21:53:20, MOVE, v:1, k:poo@pula-pula, mode:BACK
2025-11-10 21:53:21, MOVE, v:1, k:poo@pula-pula, mode:PICK
2025-11-10 21:53:24, EXEC, v:1, k:poo@pula-pula, mode:FREE
2025-11-10 21:55:25, EXEC, v:1, k:poo@pula-pula, mode:FULL, rate:0, size:86
2025-11-10 22:05:16, MOVE, v:1, k:poo@pula-pula, mode:BACK
2025-11-10 22:05:17, MOVE, v:1, k:poo@pula-pula, mode:PICK
2025-11-10 22:05:18, MOVE, v:1, k:poo@pula-pula, mode:BACK
