2025-11-17 23:46:21, SELF, v:1, k:poo@budega, rate:100
2025-11-17 23:46:33, MOVE, v:1, k:poo@lapiseira, mode:PICK
2025-11-17 23:47:01, MOVE, v:1, k:poo@lapiseira, mode:BACK
2025-11-17 23:49:59, MOVE, v:1, k:poo@lapiseira, mode:PICK
2025-11-17 23:50:03, MOVE, v:1, k:poo@lapiseira, mode:BACK
2025-11-17 23:50:06, MOVE, v:1, k:poo@cinema, mode:PICK
2025-11-17 23:56:46, EXEC, v:1, k:poo@cinema, mode:FULL, rate:0, size:78
2025-11-17 23:56:46, EXEC, v:1, k:poo@cinema, mode:FULL, rate:0, size:78
2025-11-17 23:56:47, EXEC, v:1, k:poo@cinema, mode:FULL, rate:0, size:78
2025-11-17 23:56:48, EXEC, v:1, k:poo@cinema, mode:FULL, rate:0
2025-11-17 23:56:48, EXEC, v:1, k:poo@cinema, mode:FULL, rate:0
2025-11-17 23:56:49, EXEC, v:1, k:poo@cinema, mode:FULL, rate:0
2025-11-17 23:56:49, EXEC, v:1, k:poo@cinema, mode:FULL, rate:0
2025-11-17 23:56:50, EXEC, v:1, k:poo@cinema, mode:FULL, rate:0
2025-11-17 23:56:55, MOVE, v:1, k:poo@cinema, mode:BACK
2025-11-17 23:57:22, MOVE, v:1, k:poo@cinema, mode:PICK
2025-11-17 23:57:23, EXEC, v:1, k:poo@cinema, mode:FULL, rate:0
2025-11-17 23:57:24, EXEC, v:1, k:poo@cinema, mode:FULL, rate:0
2025-11-17 23:57:24, EXEC, v:1, k:poo@cinema, mode:FULL, rate:0
2025-11-17 23:57:25, EXEC, v:1, k:poo@cinema, mode:FULL, rate:0
2025-11-17 23:57:25, EXEC, v:1, k:poo@cinema, mode:FULL, rate:0
2025-11-17 23:57:25, EXEC, v:1, k:poo@cinema, mode:FULL, rate:0
2025-11-17 23:57:25, EXEC, v:1, k:poo@cinema, mode:FULL, rate:0
2025-11-17 23:57:25, EXEC, v:1, k:poo@cinema, mode:FULL, rate:0
2025-11-17 23:57:25, EXEC, v:1, k:poo@cinema, mode:FULL, rate:0
2025-11-17 23:57:26, EXEC, v:1, k:poo@cinema, mode:FULL, rate:0
2025-11-17 23:57:26, EXEC, v:1, k:poo@cinema, mode:FULL, rate:0
2025-11-17 23:57:26, MOVE, v:1, k:poo@cinema, mode:BACK
2025-11-17 23:57:29, MOVE, v:1, k:poo@cinema, mode:PICK
2025-11-17 23:57:29, EXEC, v:1, k:poo@cinema, mode:FULL, rate:0
2025-11-17 23:57:29, EXEC, v:1, k:poo@cinema, mode:FULL, rate:0
2025-11-17 23:57:30, EXEC, v:1, k:poo@cinema, mode:FULL, rate:0
2025-11-17 23:57:30, EXEC, v:1, k:poo@cinema, mode:FULL, rate:0
2025-11-17 23:57:30, EXEC, v:1, k:poo@cinema, mode:FULL, rate:0
2025-11-17 23:57:30, EXEC, v:1, k:poo@cinema, mode:FULL, rate:0
2025-11-17 23:57:30, EXEC, v:1, k:poo@cinema, mode:FULL, rate:0
2025-11-17 23:57:30, EXEC, v:1, k:poo@cinema, mode:FULL, rate:0
2025-11-17 23:57:30, EXEC, v:1, k:poo@cinema, mode:FULL, rate:0
2025-11-17 23:57:31, EXEC, v:1, k:poo@cinema, mode:FULL, rate:0
2025-11-17 23:57:31, EXEC, v:1, k:poo@cinema, mode:FULL, rate:0
2025-11-17 23:57:31, EXEC, v:1, k:poo@cinema, mode:FULL, rate:0
2025-11-17 23:57:31, EXEC, v:1, k:poo@cinema, mode:FULL, rate:0
2025-11-17 23:57:31, EXEC, v:1, k:poo@cinema, mode:FULL, rate:0
2025-11-17 23:57:32, EXEC, v:1, k:poo@cinema, mode:FULL, rate:0
2025-11-17 23:57:32, MOVE, v:1, k:poo@cinema, mode:BACK
2025-11-17 23:57:33, MOVE, v:1, k:poo@cinema, mode:PICK
2025-11-17 23:57:33, EXEC, v:1, k:poo@cinema, mode:FULL, rate:0
2025-11-17 23:57:33, EXEC, v:1, k:poo@cinema, mode:FULL, rate:0
2025-11-17 23:57:33, EXEC, v:1, k:poo@cinema, mode:FULL, rate:0
2025-11-17 23:57:33, EXEC, v:1, k:poo@cinema, mode:FULL, rate:0
2025-11-17 23:57:34, EXEC, v:1, k:poo@cinema, mode:FULL, rate:0
2025-11-17 23:57:34, EXEC, v:1, k:poo@cinema, mode:FULL, rate:0
2025-11-17 23:57:34, EXEC, v:1, k:poo@cinema, mode:FULL, rate:0
2025-11-17 23:57:34, EXEC, v:1, k:poo@cinema, mode:FULL, rate:0
2025-11-17 23:57:34, EXEC, v:1, k:poo@cinema, mode:FULL, rate:0
2025-11-17 23:57:35, MOVE, v:1, k:poo@cinema, mode:BACK
